<?xml version="1.0" encoding="UTF-8"?>
<!-- Generated by org.testng.reporters.JUnitReportReporter -->
<testsuite hostname="DESKTOP-IC57UPH" failures="0" tests="1" name="com.qautomation.testcase.GoogleTest" time="4.617" errors="0" timestamp="2022-05-25T13:48:59 IST" skipped="0">
  <testcase classname="com.qautomation.testcase.GoogleTest" name="googleTest" time="4.617"/>
  <system-out/>
</testsuite> <!-- com.qautomation.testcase.GoogleTest -->
